Arguments: 
  /usr/local/bin/node /usr/local/Cellar/yarn/1.22.10/libexec/bin/yarn.js

PATH: 
  /usr/local/bin:/usr/bin:/bin:/usr/sbin:/sbin:/Library/Apple/usr/bin:/Users/miguelcardenas/development/flutter/bin

Yarn version: 
  1.22.10

Node version: 
  16.15.0

Platform: 
  darwin x64

Trace: 
  Error: getaddrinfo ENOTFOUND npme.walmart.com
      at GetAddrInfoReqWrap.onlookup [as oncomplete] (node:dns:71:26)

npm manifest: 
  {
    "name": "letour-services",
    "version": "1.0.0",
    "description": "",
    "main": "index.js",
    "scripts": {
      "dev": "ts-node-dev src/index.ts",
      "start": "node build/index.js",
      "tsc": "tsc",
      "test": "echo \"Error: no test specified\" && exit 1"
    },
    "keywords": [],
    "author": "",
    "license": "ISC",
    "devDependencies": {
      "@types/express": "4.17.13",
      "apollo-server-core": "3.7.0",
      "apollo-server-express": "3.7.0",
      "graphql": "16.5.0",
      "ts-node-dev": "1.1.8",
      "typescript": "4.6.4"
    },
    "dependencies": {
      "express": "4.18.1"
    }
  }

yarn manifest: 
  No manifest

Lockfile: 
  No lockfile
